2025-04-04 08:51:24.487674 - Received CBT.V508.FILE382.PDS from FILE382.XMI 
2025-04-04 08:51:24.489064 - Found $$$#DATE.txt (text/plain) in CBT.V508.FILE382.PDS, moved to PDS/$$$#DATE
2025-04-04 08:51:24.489228 - Found $$DOC.eml (message/rfc822) in CBT.V508.FILE382.PDS, moved to PDS/$$DOC
2025-04-04 08:51:24.489376 - Found $$NOTE1.eml (message/rfc822) in CBT.V508.FILE382.PDS, moved to PDS/$$NOTE1
2025-04-04 08:51:24.489508 - Found $$NOTE2.eml (message/rfc822) in CBT.V508.FILE382.PDS, moved to PDS/$$NOTE2
2025-04-04 08:51:24.489640 - Found $$NOTE3.eml (message/rfc822) in CBT.V508.FILE382.PDS, moved to PDS/$$NOTE3
2025-04-04 08:51:24.489772 - Found $$TXT.eml (message/rfc822) in CBT.V508.FILE382.PDS, moved to PDS/$$TXT
2025-04-04 08:51:24.489916 - Found @FILE382.txt (text/plain) in CBT.V508.FILE382.PDS, moved to PDS/@FILE382
2025-04-04 08:51:24.490049 - Found DASD.txt (text/plain) in CBT.V508.FILE382.PDS, moved to PDS/DASD
2025-04-04 08:51:24.490173 - Found DASDSPCE.txt (text/plain) in CBT.V508.FILE382.PDS, moved to PDS/DASDSPCE
2025-04-04 08:51:24.490297 - Found DEBUG.txt (text/plain) in CBT.V508.FILE382.PDS, moved to PDS/DEBUG
2025-04-04 08:51:24.490423 - Found DEBUGDOC.txt (text/plain) in CBT.V508.FILE382.PDS, moved to PDS/DEBUGDOC
2025-04-04 08:51:24.490562 - Found DISASJCL.txt (text/plain) in CBT.V508.FILE382.PDS, moved to PDS/DISASJCL
2025-04-04 08:51:24.490682 - Found DISASMAC.txt (text/plain) in CBT.V508.FILE382.PDS, moved to PDS/DISASMAC
2025-04-04 08:51:24.490888 - Found DISASSRC.txt (text/plain) in CBT.V508.FILE382.PDS, moved to PDS/DISASSRC
2025-04-04 08:51:24.491043 - Found GRS.txt (text/plain) in CBT.V508.FILE382.PDS, moved to PDS/GRS
2025-04-04 08:51:24.491205 - Found IPLBLD00.txt (text/plain) in CBT.V508.FILE382.PDS, moved to PDS/IPLBLD00
2025-04-04 08:51:24.491330 - Found IPLBLD90.jcl (text/plain) in CBT.V508.FILE382.PDS, moved to PDS/IPLBLD90
2025-04-04 08:51:24.491446 - Found IPLBLD91.jcl (text/plain) in CBT.V508.FILE382.PDS, moved to PDS/IPLBLD91
2025-04-04 08:51:24.491566 - Found IPLCOMPR.txt (text/plain) in CBT.V508.FILE382.PDS, moved to PDS/IPLCOMPR
2025-04-04 08:51:24.491696 - Found IPLVOLXP.rexx (text/plain) in CBT.V508.FILE382.PDS, moved to PDS/IPLVOLXP
2025-04-04 08:51:24.491817 - Found ISPFSTAT.txt (text/plain) in CBT.V508.FILE382.PDS, moved to PDS/ISPFSTAT
2025-04-04 08:51:24.491941 - Found LISTDIR.txt (text/plain) in CBT.V508.FILE382.PDS, moved to PDS/LISTDIR
2025-04-04 08:51:24.492076 - Found LISTDIR$.jcl (text/plain) in CBT.V508.FILE382.PDS, moved to PDS/LISTDIR$
2025-04-04 08:51:24.492203 - Found LISTVTO$.jcl (text/plain) in CBT.V508.FILE382.PDS, moved to PDS/LISTVTO$
2025-04-04 08:51:24.492320 - Found LISTVTOC.txt (text/plain) in CBT.V508.FILE382.PDS, moved to PDS/LISTVTOC
2025-04-04 08:51:24.492442 - Found SHELL.txt (text/plain) in CBT.V508.FILE382.PDS, moved to PDS/SHELL
2025-04-04 08:51:24.492573 - Found SYSTEM.txt (text/plain) in CBT.V508.FILE382.PDS, moved to PDS/SYSTEM
2025-04-04 08:51:24.492700 - Found UNLOAD.txt (text/plain) in CBT.V508.FILE382.PDS, moved to PDS/UNLOAD
2025-04-04 08:51:24.492828 - Found UNLOAD$.txt (text/plain) in CBT.V508.FILE382.PDS, moved to PDS/UNLOAD$
